Arguments: 
  /usr/local/Cellar/node/9.3.0_1/bin/node /usr/local/Cellar/yarn/1.3.2/libexec/bin/yarn.js add @j.u.p.iter/modules-builder --dev

PATH: 
  /Users/jupiter/.rvm/gems/ruby-2.2.9/bin:/Users/jupiter/.rvm/gems/ruby-2.2.9@global/bin:/Users/jupiter/.rvm/rubies/ruby-2.2.9/bin:/usr/local/bin:/usr/bin:/bin:/usr/sbin:/sbin:/Users/jupiter/.rvm/bin

Yarn version: 
  1.3.2

Node version: 
  9.3.0

Platform: 
  darwin x64

npm manifest: 
  {
    "name": "session-middleware",
    "version": "1.0.0",
    "description": "",
    "main": "index.js",
    "scripts": {
      "build": "node ./scripts/build"
    }
    "author": "",
    "license": "ISC"
  }

yarn manifest: 
  No manifest

Lockfile: 
  No lockfile

Trace: 
  SyntaxError: /Users/jupiter/Sites/authentication/src/packages/express-session-middleware/package.json: Unexpected string in JSON at position 156
      at JSON.parse (<anonymous>)
      at /usr/local/Cellar/yarn/1.3.2/libexec/lib/cli.js:770:59
      at Generator.next (<anonymous>)
      at step (/usr/local/Cellar/yarn/1.3.2/libexec/lib/cli.js:92:30)
      at /usr/local/Cellar/yarn/1.3.2/libexec/lib/cli.js:103:13
      at <anonymous>
